<?xml version="1.0" encoding="UTF-8"?>
<!-- Generated by org.testng.reporters.JUnitReportReporter -->
<testsuite hostname="DESKTOP-LKT9H3I" failures="0" tests="2" name="Practice.CreateVtigerScenarioWithDDT_GUTest" time="42.425" errors="0" timestamp="2023-08-09T21:45:14 IST" skipped="0">
  <testcase classname="Practice.CreateVtigerScenarioWithDDT_GUTest" name="cteateVtigerScenarioTest" time="21.863"/>
  <system-out/>
  <testcase classname="Practice.CreateVtigerScenarioWithDDT_GUTest" name="cteateVtigerScenarioTest" time="20.562"/>
  <system-out/>
</testsuite> <!-- Practice.CreateVtigerScenarioWithDDT_GUTest -->
