<?xml version="1.0" encoding="UTF-8"?>
<!-- Generated by org.testng.reporters.JUnitReportReporter -->
<testsuite hostname="DESKTOP-LKT9H3I" failures="0" tests="7" name="vtiger.Practice.CreateContactWithMultiOrgTest" time="164.283" errors="0" timestamp="2023-07-24T19:28:50 IST" skipped="0">
  <testcase classname="vtiger.Practice.CreateContactWithMultiOrgTest" name="createMultipleOrg" time="19.103"/>
  <system-out/>
  <testcase classname="vtiger.Practice.CreateContactWithMultiOrgTest" name="createMultipleOrg" time="25.893"/>
  <system-out/>
  <testcase classname="vtiger.Practice.CreateContactWithMultiOrgTest" name="createMultipleOrg" time="40.369"/>
  <system-out/>
  <testcase classname="vtiger.Practice.CreateContactWithMultiOrgTest" name="createMultipleOrg" time="19.560"/>
  <system-out/>
  <testcase classname="vtiger.Practice.CreateContactWithMultiOrgTest" name="createMultipleOrg" time="20.376"/>
  <system-out/>
  <testcase classname="vtiger.Practice.CreateContactWithMultiOrgTest" name="createMultipleOrg" time="19.589"/>
  <system-out/>
  <testcase classname="vtiger.Practice.CreateContactWithMultiOrgTest" name="createMultipleOrg" time="19.393"/>
  <system-out/>
</testsuite> <!-- vtiger.Practice.CreateContactWithMultiOrgTest -->
