<?xml version="1.0" encoding="UTF-8"?>
<!-- Generated by org.testng.reporters.JUnitReportReporter -->
<testsuite hostname="DESKTOP-LKT9H3I" failures="0" tests="1" name="vtiger.Practice.CreateContactWithOrganizationTest" time="26.368" errors="0" timestamp="2023-08-09T18:31:04 IST" skipped="0">
  <testcase classname="vtiger.Practice.CreateContactWithOrganizationTest" name="CreateContactWithOrgTest" time="26.368"/>
  <system-out>
    <![CDATA[click org button
click on org image
creating new organization]]>
  </system-out>
</testsuite> <!-- vtiger.Practice.CreateContactWithOrganizationTest -->
