<?xml version="1.0" encoding="UTF-8"?>
<!-- Generated by org.testng.reporters.JUnitReportReporter -->
<testsuite hostname="DESKTOP-LKT9H3I" failures="0" tests="1" name="vtiger.Practice.CreateVtigerScenarioWithDDT_GUTest" time="41.469" errors="0" timestamp="2023-08-09T17:16:04 IST" skipped="0">
  <testcase classname="vtiger.Practice.CreateVtigerScenarioWithDDT_GUTest" name="cteateVtigerScenarioTest" time="41.469"/>
  <system-out/>
</testsuite> <!-- vtiger.Practice.CreateVtigerScenarioWithDDT_GUTest -->
