<?xml version="1.0" encoding="UTF-8"?>
<!-- Generated by org.testng.reporters.JUnitReportReporter -->
<testsuite hostname="DESKTOP-LKT9H3I" failures="0" tests="1" name="Practice.CreateContactWithOrganizationTest" time="33.752" errors="0" timestamp="2023-08-09T20:51:23 IST" skipped="0">
  <testcase classname="Practice.CreateContactWithOrganizationTest" name="CreateContactWithOrgTest" time="33.752"/>
  <system-out>
    <![CDATA[click org button
click on org image
creating new organization]]>
  </system-out>
</testsuite> <!-- Practice.CreateContactWithOrganizationTest -->
