<?xml version="1.0" encoding="UTF-8"?>
<!-- Generated by org.testng.reporters.JUnitReportReporter -->
<testsuite hostname="DESKTOP-LKT9H3I" failures="0" tests="1" name="vtiger.Practice.ReadDataFromCmdLinesTest" time="0.030" errors="0" timestamp="2023-08-01T20:08:38 IST" skipped="0">
  <testcase classname="vtiger.Practice.ReadDataFromCmdLinesTest" name="read" time="0.030"/>
  <system-out/>
</testsuite> <!-- vtiger.Practice.ReadDataFromCmdLinesTest -->
