<?xml version="1.0" encoding="UTF-8"?>
<!-- Generated by org.testng.reporters.JUnitReportReporter -->
<testsuite hostname="DESKTOP-LKT9H3I" failures="0" tests="1" name="sample.demo2" time="0.016" errors="0" timestamp="2023-08-03T23:34:00 IST" skipped="0">
  <testcase classname="sample.demo2" name="ABC" time="0.016"/>
  <system-out/>
</testsuite> <!-- sample.demo2 -->
